
6月 04, 2018 23:30:46.05 NEW SESSION
6月 04, 2018 23:30:46.05 [11312:11544:0604/233046.048:ERROR:in_progress_cache_impl.cc(93)] Could not read download entries from file because there was a read failure.
6月 04, 2018 23:31:10.40 [11312:3264:0604/233110.257:ERROR:service_manager_context.cc(258)] Attempting to run unsupported native service: C:\Program Files (x86)\Google\Chrome\Application\66.0.3359.181\chrome_renderer.service.exe
6月 04, 2018 23:31:10.56 [11312:3264:0604/233110.566:ERROR:service_manager_context.cc(258)] Attempting to run unsupported native service: C:\Program Files (x86)\Google\Chrome\Application\66.0.3359.181\chrome_renderer.service.exe
6月 04, 2018 23:31:10.59 [11312:3264:0604/233110.566:ERROR:service_manager_context.cc(258)] Attempting to run unsupported native service: C:\Program Files (x86)\Google\Chrome\Application\66.0.3359.181\chrome_renderer.service.exe
6月 04, 2018 23:31:10.65 [11312:3264:0604/233110.566:ERROR:service_manager_context.cc(258)] Attempting to run unsupported native service: C:\Program Files (x86)\Google\Chrome\Application\66.0.3359.181\chrome_renderer.service.exe
6月 04, 2018 23:31:10.67 [11312:3264:0604/233110.566:ERROR:service_manager_context.cc(258)] Attempting to run unsupported native service: C:\Program Files (x86)\Google\Chrome\Application\66.0.3359.181\chrome_renderer.service.exe
6月 04, 2018 23:31:10.70 [11312:3264:0604/233110.566:ERROR:service_manager_context.cc(258)] Attempting to run unsupported native service: C:\Program Files (x86)\Google\Chrome\Application\66.0.3359.181\chrome_renderer.service.exe
6月 04, 2018 23:31:11.40 [11312:3264:0604/233110.567:ERROR:service_manager_context.cc(258)] Attempting to run unsupported native service: C:\Program Files (x86)\Google\Chrome\Application\66.0.3359.181\chrome_renderer.service.exe
6月 04, 2018 23:31:11.43 [11312:3264:0604/233110.567:ERROR:service_manager_context.cc(258)] Attempting to run unsupported native service: C:\Program Files (x86)\Google\Chrome\Application\66.0.3359.181\chrome_renderer.service.exe
6月 04, 2018 23:31:11.45 [11312:3264:0604/233110.567:ERROR:service_manager_context.cc(258)] Attempting to run unsupported native service: C:\Program Files (x86)\Google\Chrome\Application\66.0.3359.181\chrome_renderer.service.exe
6月 04, 2018 23:31:11.48 [11312:3264:0604/233110.567:ERROR:service_manager_context.cc(258)] Attempting to run unsupported native service: C:\Program Files (x86)\Google\Chrome\Application\66.0.3359.181\chrome_renderer.service.exe
6月 04, 2018 23:31:11.51 [11312:3264:0604/233110.568:ERROR:service_manager_context.cc(258)] Attempting to run unsupported native service: C:\Program Files (x86)\Google\Chrome\Application\66.0.3359.181\chrome_renderer.service.exe
6月 04, 2018 23:31:11.54 [11312:3264:0604/233110.568:ERROR:service_manager_context.cc(258)] Attempting to run unsupported native service: C:\Program Files (x86)\Google\Chrome\Application\66.0.3359.181\chrome_renderer.service.exe
6月 04, 2018 23:31:11.56 [11312:3264:0604/233110.569:ERROR:service_manager_context.cc(258)] Attempting to run unsupported native service: C:\Program Files (x86)\Google\Chrome\Application\66.0.3359.181\chrome_renderer.service.exe
6月 04, 2018 23:31:11.59 [11312:3264:0604/233110.569:ERROR:service_manager_context.cc(258)] Attempting to run unsupported native service: C:\Program Files (x86)\Google\Chrome\Application\66.0.3359.181\chrome_renderer.service.exe
6月 04, 2018 23:31:11.62 [11312:3264:0604/233110.569:ERROR:service_manager_context.cc(258)] Attempting to run unsupported native service: C:\Program Files (x86)\Google\Chrome\Application\66.0.3359.181\chrome_renderer.service.exe
6月 04, 2018 23:31:11.64 [11312:3264:0604/233110.570:ERROR:service_manager_context.cc(258)] Attempting to run unsupported native service: C:\Program Files (x86)\Google\Chrome\Application\66.0.3359.181\chrome_renderer.service.exe
6月 04, 2018 23:31:11.67 [11312:3264:0604/233110.570:ERROR:service_manager_context.cc(258)] Attempting to run unsupported native service: C:\Program Files (x86)\Google\Chrome\Application\66.0.3359.181\chrome_renderer.service.exe
6月 04, 2018 23:31:11.70 [11312:3264:0604/233110.570:ERROR:service_manager_context.cc(258)] Attempting to run unsupported native service: C:\Program Files (x86)\Google\Chrome\Application\66.0.3359.181\chrome_renderer.service.exe
6月 04, 2018 23:31:11.72 [11312:3264:0604/233110.571:ERROR:service_manager_context.cc(258)] Attempting to run unsupported native service: C:\Program Files (x86)\Google\Chrome\Application\66.0.3359.181\chrome_renderer.service.exe
6月 04, 2018 23:31:11.73 [11312:3264:0604/233110.571:ERROR:service_manager_context.cc(258)] Attempting to run unsupported native service: C:\Program Files (x86)\Google\Chrome\Application\66.0.3359.181\chrome_renderer.service.exe
6月 05, 2018 24:45:29.58 Unable to read VR Path Registry from C:\Users\Traiyi\AppData\Local\openvr\openvrpaths.vrpath
6月 05, 2018 24:45:29.67 [11312:5264:0605/004529.557:ERROR:latency_info.cc(164)] Display::DrawAndSwap, LatencyInfo vector size 102 is too big.
6月 05, 2018 24:45:31.14 [11312:5264:0605/004531.142:ERROR:latency_info.cc(164)] Display::DrawAndSwap, LatencyInfo vector size 102 is too big.
6月 05, 2018 24:45:32.72 [11312:5264:0605/004532.724:ERROR:latency_info.cc(164)] Display::DrawAndSwap, LatencyInfo vector size 102 is too big.
6月 05, 2018 24:45:34.31 [11312:5264:0605/004534.315:ERROR:latency_info.cc(164)] Display::DrawAndSwap, LatencyInfo vector size 102 is too big.
6月 05, 2018 24:45:35.90 [11312:5264:0605/004535.906:ERROR:latency_info.cc(164)] Display::DrawAndSwap, LatencyInfo vector size 102 is too big.
6月 05, 2018 24:45:37.52 [11312:5264:0605/004537.520:ERROR:latency_info.cc(164)] Display::DrawAndSwap, LatencyInfo vector size 102 is too big.
6月 05, 2018 24:45:39.10 [11312:5264:0605/004539.104:ERROR:latency_info.cc(164)] Display::DrawAndSwap, LatencyInfo vector size 102 is too big.
6月 05, 2018 24:45:40.69 [11312:5264:0605/004540.691:ERROR:latency_info.cc(164)] Display::DrawAndSwap, LatencyInfo vector size 102 is too big.
6月 05, 2018 24:45:42.38 [11312:5264:0605/004542.385:ERROR:latency_info.cc(164)] Display::DrawAndSwap, LatencyInfo vector size 102 is too big.
6月 05, 2018 24:45:44.05 [11312:5264:0605/004544.049:ERROR:latency_info.cc(164)] Display::DrawAndSwap, LatencyInfo vector size 102 is too big.
6月 05, 2018 24:45:45.63 [11312:5264:0605/004545.634:ERROR:latency_info.cc(164)] Display::DrawAndSwap, LatencyInfo vector size 102 is too big.
6月 05, 2018 24:45:47.23 [11312:5264:0605/004547.231:ERROR:latency_info.cc(164)] Display::DrawAndSwap, LatencyInfo vector size 102 is too big.
6月 05, 2018 24:45:48.81 [11312:5264:0605/004548.811:ERROR:latency_info.cc(164)] Display::DrawAndSwap, LatencyInfo vector size 102 is too big.
6月 05, 2018 24:45:50.41 [11312:5264:0605/004550.411:ERROR:latency_info.cc(164)] Display::DrawAndSwap, LatencyInfo vector size 102 is too big.
6月 05, 2018 24:45:51.99 [11312:5264:0605/004551.992:ERROR:latency_info.cc(164)] Display::DrawAndSwap, LatencyInfo vector size 102 is too big.
6月 05, 2018 24:45:53.58 [11312:5264:0605/004553.579:ERROR:latency_info.cc(164)] Display::DrawAndSwap, LatencyInfo vector size 102 is too big.
6月 05, 2018 24:45:55.16 [11312:5264:0605/004555.160:ERROR:latency_info.cc(164)] Display::DrawAndSwap, LatencyInfo vector size 102 is too big.
6月 05, 2018 24:45:56.74 [11312:5264:0605/004556.746:ERROR:latency_info.cc(164)] Display::DrawAndSwap, LatencyInfo vector size 102 is too big.
6月 05, 2018 24:45:58.32 [11312:5264:0605/004558.328:ERROR:latency_info.cc(164)] Display::DrawAndSwap, LatencyInfo vector size 102 is too big.
6月 05, 2018 24:45:59.91 [11312:5264:0605/004559.916:ERROR:latency_info.cc(164)] Display::DrawAndSwap, LatencyInfo vector size 102 is too big.
6月 05, 2018 24:46:01.50 [11312:5264:0605/004601.503:ERROR:latency_info.cc(164)] Display::DrawAndSwap, LatencyInfo vector size 102 is too big.
6月 05, 2018 24:46:03.15 [11312:5264:0605/004603.154:ERROR:latency_info.cc(164)] Display::DrawAndSwap, LatencyInfo vector size 102 is too big.
6月 05, 2018 24:46:04.74 [11312:5264:0605/004604.741:ERROR:latency_info.cc(164)] Display::DrawAndSwap, LatencyInfo vector size 102 is too big.
6月 05, 2018 24:46:06.32 [11312:5264:0605/004606.326:ERROR:latency_info.cc(164)] Display::DrawAndSwap, LatencyInfo vector size 102 is too big.
6月 05, 2018 24:46:07.91 [11312:5264:0605/004607.911:ERROR:latency_info.cc(164)] Display::DrawAndSwap, LatencyInfo vector size 102 is too big.
6月 05, 2018 24:46:09.51 [11312:5264:0605/004609.511:ERROR:latency_info.cc(164)] Display::DrawAndSwap, LatencyInfo vector size 102 is too big.
6月 05, 2018 24:46:11.09 [11312:5264:0605/004611.098:ERROR:latency_info.cc(164)] Display::DrawAndSwap, LatencyInfo vector size 102 is too big.
6月 05, 2018 24:46:12.69 [11312:5264:0605/004612.690:ERROR:latency_info.cc(164)] Display::DrawAndSwap, LatencyInfo vector size 102 is too big.
6月 05, 2018 24:46:14.28 [11312:5264:0605/004614.282:ERROR:latency_info.cc(164)] Display::DrawAndSwap, LatencyInfo vector size 102 is too big.
6月 05, 2018 24:57:00.93 [11312:3264:0605/005700.932:ERROR:ssl_client_socket_impl.cc(1098)] handshake failed; returned -1, SSL error code 1, net_error -101
6月 05, 2018 24:57:00.98 [11312:3264:0605/005700.986:ERROR:ssl_client_socket_impl.cc(1098)] handshake failed; returned -1, SSL error code 1, net_error -101

Jun 27, 2018 23:14:59.63 NEW SESSION
Jun 27, 2018 23:14:59.63 [8424:11620:0627/231459.608:ERROR:service_manager_context.cc(258)] Attempting to run unsupported native service: C:\Program Files (x86)\Google\Chrome\Application\67.0.3396.99\chrome_renderer.service.exe
Jun 27, 2018 23:14:59.71 [8424:11620:0627/231459.682:ERROR:service_manager_context.cc(258)] Attempting to run unsupported native service: C:\Program Files (x86)\Google\Chrome\Application\67.0.3396.99\chrome_renderer.service.exe
Jun 27, 2018 23:14:59.71 [8424:11620:0627/231459.682:ERROR:service_manager_context.cc(258)] Attempting to run unsupported native service: C:\Program Files (x86)\Google\Chrome\Application\67.0.3396.99\chrome_renderer.service.exe
Jun 27, 2018 23:14:59.72 [8424:11620:0627/231459.682:ERROR:service_manager_context.cc(258)] Attempting to run unsupported native service: C:\Program Files (x86)\Google\Chrome\Application\67.0.3396.99\chrome_renderer.service.exe
Jun 27, 2018 23:14:59.73 [8424:11620:0627/231459.682:ERROR:service_manager_context.cc(258)] Attempting to run unsupported native service: C:\Program Files (x86)\Google\Chrome\Application\67.0.3396.99\chrome_renderer.service.exe
Jun 27, 2018 23:14:59.74 [8424:11620:0627/231459.682:ERROR:service_manager_context.cc(258)] Attempting to run unsupported native service: C:\Program Files (x86)\Google\Chrome\Application\67.0.3396.99\chrome_renderer.service.exe
Jun 27, 2018 23:14:59.74 [8424:11620:0627/231459.682:ERROR:service_manager_context.cc(258)] Attempting to run unsupported native service: C:\Program Files (x86)\Google\Chrome\Application\67.0.3396.99\chrome_renderer.service.exe
Jun 27, 2018 23:14:59.75 [8424:11620:0627/231459.682:ERROR:service_manager_context.cc(258)] Attempting to run unsupported native service: C:\Program Files (x86)\Google\Chrome\Application\67.0.3396.99\chrome_renderer.service.exe
Jun 27, 2018 23:14:59.77 [8424:11620:0627/231459.682:ERROR:service_manager_context.cc(258)] Attempting to run unsupported native service: C:\Program Files (x86)\Google\Chrome\Application\67.0.3396.99\chrome_renderer.service.exe
Jun 27, 2018 23:14:59.78 [8424:11620:0627/231459.682:ERROR:service_manager_context.cc(258)] Attempting to run unsupported native service: C:\Program Files (x86)\Google\Chrome\Application\67.0.3396.99\chrome_renderer.service.exe
Jun 27, 2018 23:15:00.04 [8424:11620:0627/231500.048:ERROR:service_manager_context.cc(258)] Attempting to run unsupported native service: C:\Program Files (x86)\Google\Chrome\Application\67.0.3396.99\chrome_renderer.service.exe
Jun 27, 2018 23:15:00.05 [8424:11620:0627/231500.048:ERROR:service_manager_context.cc(258)] Attempting to run unsupported native service: C:\Program Files (x86)\Google\Chrome\Application\67.0.3396.99\chrome_renderer.service.exe
Jun 27, 2018 23:15:00.06 [8424:11620:0627/231500.048:ERROR:service_manager_context.cc(258)] Attempting to run unsupported native service: C:\Program Files (x86)\Google\Chrome\Application\67.0.3396.99\chrome_renderer.service.exe
Jun 27, 2018 23:15:00.07 [8424:11620:0627/231500.048:ERROR:service_manager_context.cc(258)] Attempting to run unsupported native service: C:\Program Files (x86)\Google\Chrome\Application\67.0.3396.99\chrome_renderer.service.exe
Jun 27, 2018 23:15:00.08 [8424:11620:0627/231500.048:ERROR:service_manager_context.cc(258)] Attempting to run unsupported native service: C:\Program Files (x86)\Google\Chrome\Application\67.0.3396.99\chrome_renderer.service.exe
Jun 27, 2018 23:15:00.09 [8424:11620:0627/231500.048:ERROR:service_manager_context.cc(258)] Attempting to run unsupported native service: C:\Program Files (x86)\Google\Chrome\Application\67.0.3396.99\chrome_renderer.service.exe
Jun 27, 2018 23:15:00.09 [8424:11620:0627/231500.049:ERROR:service_manager_context.cc(258)] Attempting to run unsupported native service: C:\Program Files (x86)\Google\Chrome\Application\67.0.3396.99\chrome_renderer.service.exe
Jun 27, 2018 23:15:00.10 [8424:11620:0627/231500.049:ERROR:service_manager_context.cc(258)] Attempting to run unsupported native service: C:\Program Files (x86)\Google\Chrome\Application\67.0.3396.99\chrome_renderer.service.exe
Jun 27, 2018 23:15:00.10 [8424:11620:0627/231500.049:ERROR:service_manager_context.cc(258)] Attempting to run unsupported native service: C:\Program Files (x86)\Google\Chrome\Application\67.0.3396.99\chrome_renderer.service.exe
Jun 27, 2018 23:15:00.11 [8424:11620:0627/231500.049:ERROR:service_manager_context.cc(258)] Attempting to run unsupported native service: C:\Program Files (x86)\Google\Chrome\Application\67.0.3396.99\chrome_renderer.service.exe
Jun 28, 2018 24:01:13.67 Unable to read VR Path Registry from C:\Users\Traiyi\AppData\Local\openvr\openvrpaths.vrpath
Jun 28, 2018 24:01:14.29 [8424:11620:0628/000113.014:ERROR:shader_disk_cache.cc(237)] Failed to create shader cache entry: -2
Jun 28, 2018 24:12:31.94 [8424:11620:0628/001231.945:ERROR:ssl_client_socket_impl.cc(1026)] handshake failed; returned -1, SSL error code 1, net_error -101

Jul 17, 2018 09:50:08.68 NEW SESSION
Jul 17, 2018 09:50:08.83 [9584:5884:0717/095008.666:ERROR:in_progress_cache_impl.cc(188)] Cache is not initialized, cannot RetrieveEntry.
Jul 17, 2018 09:50:08.95 [9584:5884:0717/095008.746:ERROR:in_progress_cache_impl.cc(188)] Cache is not initialized, cannot RetrieveEntry.
Jul 17, 2018 09:50:08.96 [9584:5884:0717/095008.746:ERROR:in_progress_cache_impl.cc(188)] Cache is not initialized, cannot RetrieveEntry.
Jul 17, 2018 09:50:08.97 [9584:5884:0717/095008.746:ERROR:in_progress_cache_impl.cc(188)] Cache is not initialized, cannot RetrieveEntry.
Jul 17, 2018 09:50:08.98 [9584:5884:0717/095008.746:ERROR:in_progress_cache_impl.cc(188)] Cache is not initialized, cannot RetrieveEntry.
Jul 17, 2018 09:50:08.99 [9584:5884:0717/095008.746:ERROR:in_progress_cache_impl.cc(188)] Cache is not initialized, cannot RetrieveEntry.
Jul 17, 2018 09:50:09.00 [9584:5884:0717/095008.746:ERROR:in_progress_cache_impl.cc(188)] Cache is not initialized, cannot RetrieveEntry.
Jul 17, 2018 09:50:09.01 [9584:5884:0717/095008.746:ERROR:in_progress_cache_impl.cc(188)] Cache is not initialized, cannot RetrieveEntry.
Jul 17, 2018 09:50:09.01 [9584:5884:0717/095008.746:ERROR:in_progress_cache_impl.cc(188)] Cache is not initialized, cannot RetrieveEntry.
Jul 17, 2018 09:50:09.02 [9584:5884:0717/095008.746:ERROR:in_progress_cache_impl.cc(188)] Cache is not initialized, cannot RetrieveEntry.
Jul 17, 2018 09:50:09.03 [9584:5884:0717/095008.746:ERROR:in_progress_cache_impl.cc(188)] Cache is not initialized, cannot RetrieveEntry.
Jul 17, 2018 09:50:09.03 [9584:5884:0717/095008.746:ERROR:in_progress_cache_impl.cc(188)] Cache is not initialized, cannot RetrieveEntry.
Jul 17, 2018 09:50:09.04 [9584:5884:0717/095008.746:ERROR:in_progress_cache_impl.cc(188)] Cache is not initialized, cannot RetrieveEntry.
Jul 17, 2018 09:50:09.05 [9584:5884:0717/095008.746:ERROR:in_progress_cache_impl.cc(188)] Cache is not initialized, cannot RetrieveEntry.
Jul 17, 2018 09:50:09.05 [9584:5884:0717/095008.746:ERROR:in_progress_cache_impl.cc(188)] Cache is not initialized, cannot RetrieveEntry.
Jul 17, 2018 09:50:09.06 [9584:5884:0717/095008.746:ERROR:in_progress_cache_impl.cc(188)] Cache is not initialized, cannot RetrieveEntry.
Jul 17, 2018 09:50:09.07 [9584:5884:0717/095008.746:ERROR:in_progress_cache_impl.cc(188)] Cache is not initialized, cannot RetrieveEntry.
Jul 17, 2018 09:50:09.07 [9584:5884:0717/095008.746:ERROR:in_progress_cache_impl.cc(188)] Cache is not initialized, cannot RetrieveEntry.
Jul 17, 2018 09:50:09.08 [9584:5884:0717/095008.746:ERROR:in_progress_cache_impl.cc(188)] Cache is not initialized, cannot RetrieveEntry.
Jul 17, 2018 09:50:09.09 [9584:5884:0717/095008.746:ERROR:in_progress_cache_impl.cc(188)] Cache is not initialized, cannot RetrieveEntry.
Jul 17, 2018 09:50:09.09 [9584:5884:0717/095008.746:ERROR:in_progress_cache_impl.cc(188)] Cache is not initialized, cannot RetrieveEntry.
Jul 17, 2018 09:50:09.15 [9584:5884:0717/095008.746:ERROR:in_progress_cache_impl.cc(188)] Cache is not initialized, cannot RetrieveEntry.
Jul 17, 2018 09:50:09.16 [9584:5884:0717/095008.746:ERROR:in_progress_cache_impl.cc(188)] Cache is not initialized, cannot RetrieveEntry.
Jul 17, 2018 09:50:09.16 [9584:5884:0717/095008.746:ERROR:in_progress_cache_impl.cc(188)] Cache is not initialized, cannot RetrieveEntry.
Jul 17, 2018 09:50:09.17 [9584:5884:0717/095008.746:ERROR:in_progress_cache_impl.cc(188)] Cache is not initialized, cannot RetrieveEntry.
Jul 17, 2018 09:50:09.18 [9584:5884:0717/095008.746:ERROR:in_progress_cache_impl.cc(188)] Cache is not initialized, cannot RetrieveEntry.
Jul 17, 2018 09:50:09.18 [9584:5884:0717/095008.746:ERROR:in_progress_cache_impl.cc(188)] Cache is not initialized, cannot RetrieveEntry.
Jul 17, 2018 09:50:09.19 [9584:5884:0717/095008.746:ERROR:in_progress_cache_impl.cc(188)] Cache is not initialized, cannot RetrieveEntry.
Jul 17, 2018 09:50:09.20 [9584:5884:0717/095008.746:ERROR:in_progress_cache_impl.cc(188)] Cache is not initialized, cannot RetrieveEntry.
Jul 17, 2018 09:50:09.21 [9584:5884:0717/095008.746:ERROR:in_progress_cache_impl.cc(188)] Cache is not initialized, cannot RetrieveEntry.
Jul 17, 2018 09:50:09.21 [9584:5884:0717/095008.746:ERROR:in_progress_cache_impl.cc(188)] Cache is not initialized, cannot RetrieveEntry.
Jul 17, 2018 09:50:09.22 [9584:5884:0717/095008.746:ERROR:in_progress_cache_impl.cc(188)] Cache is not initialized, cannot RetrieveEntry.
Jul 17, 2018 09:50:09.23 [9584:5884:0717/095008.746:ERROR:in_progress_cache_impl.cc(188)] Cache is not initialized, cannot RetrieveEntry.
Jul 17, 2018 09:50:09.23 [9584:5884:0717/095008.746:ERROR:in_progress_cache_impl.cc(188)] Cache is not initialized, cannot RetrieveEntry.
Jul 17, 2018 09:50:09.24 [9584:5884:0717/095008.747:ERROR:in_progress_cache_impl.cc(188)] Cache is not initialized, cannot RetrieveEntry.
Jul 17, 2018 09:50:09.25 [9584:5884:0717/095008.747:ERROR:in_progress_cache_impl.cc(188)] Cache is not initialized, cannot RetrieveEntry.
Jul 17, 2018 09:50:09.25 [9584:5884:0717/095008.747:ERROR:in_progress_cache_impl.cc(188)] Cache is not initialized, cannot RetrieveEntry.
Jul 17, 2018 09:50:09.26 [9584:5884:0717/095008.747:ERROR:in_progress_cache_impl.cc(188)] Cache is not initialized, cannot RetrieveEntry.
Jul 17, 2018 09:50:09.27 [9584:5884:0717/095008.956:ERROR:in_progress_cache_impl.cc(188)] Cache is not initialized, cannot RetrieveEntry.
Jul 17, 2018 09:50:09.28 [9584:5884:0717/095008.956:ERROR:in_progress_cache_impl.cc(188)] Cache is not initialized, cannot RetrieveEntry.
Jul 17, 2018 09:50:09.29 [9584:5884:0717/095008.956:ERROR:in_progress_cache_impl.cc(188)] Cache is not initialized, cannot RetrieveEntry.
Jul 17, 2018 09:50:09.30 [9584:5884:0717/095008.956:ERROR:in_progress_cache_impl.cc(188)] Cache is not initialized, cannot RetrieveEntry.
Jul 17, 2018 09:50:09.30 [9584:5884:0717/095008.956:ERROR:in_progress_cache_impl.cc(188)] Cache is not initialized, cannot RetrieveEntry.
Jul 17, 2018 09:50:09.31 [9584:5884:0717/095008.956:ERROR:in_progress_cache_impl.cc(188)] Cache is not initialized, cannot RetrieveEntry.
Jul 17, 2018 09:50:09.32 [9584:5884:0717/095008.956:ERROR:in_progress_cache_impl.cc(188)] Cache is not initialized, cannot RetrieveEntry.
Jul 17, 2018 09:50:09.33 [9584:5884:0717/095008.956:ERROR:in_progress_cache_impl.cc(188)] Cache is not initialized, cannot RetrieveEntry.
Jul 17, 2018 09:50:09.33 [9584:5884:0717/095008.956:ERROR:in_progress_cache_impl.cc(188)] Cache is not initialized, cannot RetrieveEntry.
Jul 17, 2018 09:50:09.34 [9584:5884:0717/095008.956:ERROR:in_progress_cache_impl.cc(188)] Cache is not initialized, cannot RetrieveEntry.
Jul 17, 2018 09:50:09.35 [9584:5884:0717/095008.956:ERROR:in_progress_cache_impl.cc(188)] Cache is not initialized, cannot RetrieveEntry.
Jul 17, 2018 09:50:09.35 [9584:5884:0717/095008.956:ERROR:in_progress_cache_impl.cc(188)] Cache is not initialized, cannot RetrieveEntry.
Jul 17, 2018 09:50:09.36 [9584:5884:0717/095008.956:ERROR:in_progress_cache_impl.cc(188)] Cache is not initialized, cannot RetrieveEntry.
Jul 17, 2018 09:50:09.37 [9584:5884:0717/095008.956:ERROR:in_progress_cache_impl.cc(188)] Cache is not initialized, cannot RetrieveEntry.
Jul 17, 2018 09:50:09.37 [9584:5884:0717/095008.956:ERROR:in_progress_cache_impl.cc(188)] Cache is not initialized, cannot RetrieveEntry.
Jul 17, 2018 09:50:09.38 [9584:5884:0717/095008.956:ERROR:in_progress_cache_impl.cc(188)] Cache is not initialized, cannot RetrieveEntry.
Jul 17, 2018 09:50:09.38 [9584:5884:0717/095008.956:ERROR:in_progress_cache_impl.cc(188)] Cache is not initialized, cannot RetrieveEntry.
Jul 17, 2018 09:50:09.39 [9584:5884:0717/095008.956:ERROR:in_progress_cache_impl.cc(188)] Cache is not initialized, cannot RetrieveEntry.
Jul 17, 2018 09:50:09.40 [9584:5884:0717/095008.956:ERROR:in_progress_cache_impl.cc(188)] Cache is not initialized, cannot RetrieveEntry.
Jul 17, 2018 09:50:09.40 [9584:5884:0717/095008.956:ERROR:in_progress_cache_impl.cc(188)] Cache is not initialized, cannot RetrieveEntry.
Jul 17, 2018 09:50:09.41 [9584:5884:0717/095008.956:ERROR:in_progress_cache_impl.cc(188)] Cache is not initialized, cannot RetrieveEntry.
Jul 17, 2018 09:50:09.41 [9584:5884:0717/095008.956:ERROR:in_progress_cache_impl.cc(188)] Cache is not initialized, cannot RetrieveEntry.
Jul 17, 2018 09:50:09.42 [9584:5884:0717/095008.956:ERROR:in_progress_cache_impl.cc(188)] Cache is not initialized, cannot RetrieveEntry.
Jul 17, 2018 09:50:09.43 [9584:5884:0717/095008.957:ERROR:in_progress_cache_impl.cc(188)] Cache is not initialized, cannot RetrieveEntry.
Jul 17, 2018 09:50:09.43 [9584:5884:0717/095008.957:ERROR:in_progress_cache_impl.cc(188)] Cache is not initialized, cannot RetrieveEntry.
Jul 17, 2018 09:50:09.44 [9584:5884:0717/095008.957:ERROR:in_progress_cache_impl.cc(188)] Cache is not initialized, cannot RetrieveEntry.
Jul 17, 2018 09:50:09.44 [9584:5884:0717/095008.957:ERROR:in_progress_cache_impl.cc(188)] Cache is not initialized, cannot RetrieveEntry.
Jul 17, 2018 09:50:09.45 [9584:5884:0717/095008.957:ERROR:in_progress_cache_impl.cc(188)] Cache is not initialized, cannot RetrieveEntry.
Jul 17, 2018 09:50:09.45 [9584:5884:0717/095008.957:ERROR:in_progress_cache_impl.cc(188)] Cache is not initialized, cannot RetrieveEntry.
Jul 17, 2018 09:50:09.46 [9584:5884:0717/095008.957:ERROR:in_progress_cache_impl.cc(188)] Cache is not initialized, cannot RetrieveEntry.
Jul 17, 2018 09:50:09.46 [9584:5884:0717/095008.957:ERROR:in_progress_cache_impl.cc(188)] Cache is not initialized, cannot RetrieveEntry.
Jul 17, 2018 09:50:09.47 [9584:5884:0717/095008.957:ERROR:in_progress_cache_impl.cc(188)] Cache is not initialized, cannot RetrieveEntry.
Jul 17, 2018 09:50:09.48 [9584:5884:0717/095008.957:ERROR:in_progress_cache_impl.cc(188)] Cache is not initialized, cannot RetrieveEntry.
Jul 17, 2018 09:50:09.48 [9584:5884:0717/095008.957:ERROR:in_progress_cache_impl.cc(188)] Cache is not initialized, cannot RetrieveEntry.
Jul 17, 2018 09:50:09.49 [9584:5884:0717/095008.957:ERROR:in_progress_cache_impl.cc(188)] Cache is not initialized, cannot RetrieveEntry.
Jul 17, 2018 09:50:09.49 [9584:5884:0717/095008.957:ERROR:in_progress_cache_impl.cc(188)] Cache is not initialized, cannot RetrieveEntry.
Jul 17, 2018 09:50:09.50 [9584:5884:0717/095008.957:ERROR:in_progress_cache_impl.cc(188)] Cache is not initialized, cannot RetrieveEntry.
Jul 17, 2018 09:50:09.51 [9584:5884:0717/095009.276:ERROR:in_progress_cache_impl.cc(188)] Cache is not initialized, cannot RetrieveEntry.
Jul 17, 2018 09:50:09.51 [9584:5884:0717/095009.276:ERROR:in_progress_cache_impl.cc(188)] Cache is not initialized, cannot RetrieveEntry.
Jul 17, 2018 09:50:09.52 [9584:5884:0717/095009.276:ERROR:in_progress_cache_impl.cc(188)] Cache is not initialized, cannot RetrieveEntry.
Jul 17, 2018 09:50:09.52 [9584:5884:0717/095009.276:ERROR:in_progress_cache_impl.cc(188)] Cache is not initialized, cannot RetrieveEntry.
Jul 17, 2018 09:50:09.53 [9584:5884:0717/095009.276:ERROR:in_progress_cache_impl.cc(188)] Cache is not initialized, cannot RetrieveEntry.
Jul 17, 2018 09:50:09.53 [9584:5884:0717/095009.276:ERROR:in_progress_cache_impl.cc(188)] Cache is not initialized, cannot RetrieveEntry.
Jul 17, 2018 09:50:09.54 [9584:5884:0717/095009.276:ERROR:in_progress_cache_impl.cc(188)] Cache is not initialized, cannot RetrieveEntry.
Jul 17, 2018 09:50:09.54 [9584:5884:0717/095009.277:ERROR:in_progress_cache_impl.cc(188)] Cache is not initialized, cannot RetrieveEntry.
Jul 17, 2018 09:50:09.55 [9584:5884:0717/095009.277:ERROR:in_progress_cache_impl.cc(188)] Cache is not initialized, cannot RetrieveEntry.
Jul 17, 2018 09:50:09.55 [9584:5884:0717/095009.277:ERROR:in_progress_cache_impl.cc(188)] Cache is not initialized, cannot RetrieveEntry.
Jul 17, 2018 09:50:09.56 [9584:5884:0717/095009.277:ERROR:in_progress_cache_impl.cc(188)] Cache is not initialized, cannot RetrieveEntry.
Jul 17, 2018 09:50:09.56 [9584:5884:0717/095009.277:ERROR:in_progress_cache_impl.cc(188)] Cache is not initialized, cannot RetrieveEntry.
Jul 17, 2018 09:50:09.57 [9584:5884:0717/095009.277:ERROR:in_progress_cache_impl.cc(188)] Cache is not initialized, cannot RetrieveEntry.
Jul 17, 2018 09:50:09.57 [9584:5884:0717/095009.277:ERROR:in_progress_cache_impl.cc(188)] Cache is not initialized, cannot RetrieveEntry.
Jul 17, 2018 09:50:09.58 [9584:5884:0717/095009.277:ERROR:in_progress_cache_impl.cc(188)] Cache is not initialized, cannot RetrieveEntry.
Jul 17, 2018 09:50:09.59 [9584:5884:0717/095009.277:ERROR:in_progress_cache_impl.cc(188)] Cache is not initialized, cannot RetrieveEntry.
Jul 17, 2018 09:50:09.59 [9584:5884:0717/095009.277:ERROR:in_progress_cache_impl.cc(188)] Cache is not initialized, cannot RetrieveEntry.
Jul 17, 2018 09:50:09.60 [9584:5884:0717/095009.277:ERROR:in_progress_cache_impl.cc(188)] Cache is not initialized, cannot RetrieveEntry.
Jul 17, 2018 09:50:09.60 [9584:5884:0717/095009.277:ERROR:in_progress_cache_impl.cc(188)] Cache is not initialized, cannot RetrieveEntry.
Jul 17, 2018 09:50:09.61 [9584:5884:0717/095009.277:ERROR:in_progress_cache_impl.cc(188)] Cache is not initialized, cannot RetrieveEntry.
Jul 17, 2018 09:50:09.61 [9584:5884:0717/095009.277:ERROR:in_progress_cache_impl.cc(188)] Cache is not initialized, cannot RetrieveEntry.
Jul 17, 2018 09:50:09.62 [9584:5884:0717/095009.277:ERROR:in_progress_cache_impl.cc(188)] Cache is not initialized, cannot RetrieveEntry.
Jul 17, 2018 09:50:09.63 [9584:5884:0717/095009.277:ERROR:in_progress_cache_impl.cc(188)] Cache is not initialized, cannot RetrieveEntry.
Jul 17, 2018 09:50:09.63 [9584:5884:0717/095009.277:ERROR:in_progress_cache_impl.cc(188)] Cache is not initialized, cannot RetrieveEntry.
Jul 17, 2018 09:50:09.64 [9584:5884:0717/095009.277:ERROR:in_progress_cache_impl.cc(188)] Cache is not initialized, cannot RetrieveEntry.
Jul 17, 2018 09:50:09.64 [9584:5884:0717/095009.277:ERROR:in_progress_cache_impl.cc(188)] Cache is not initialized, cannot RetrieveEntry.
Jul 17, 2018 09:50:09.65 [9584:5884:0717/095009.277:ERROR:in_progress_cache_impl.cc(188)] Cache is not initialized, cannot RetrieveEntry.
Jul 17, 2018 09:50:09.66 [9584:5884:0717/095009.277:ERROR:in_progress_cache_impl.cc(188)] Cache is not initialized, cannot RetrieveEntry.
Jul 17, 2018 09:50:09.66 [9584:5884:0717/095009.277:ERROR:in_progress_cache_impl.cc(188)] Cache is not initialized, cannot RetrieveEntry.
